[2025-10-06 13:47:56] 🔁 Восстановление стратегий (1 пользователей, всего 1)...
[2025-10-06 13:47:56] ⚠️ Некорректный chat_id: unknown
[2025-10-06 13:47:56] 🏁 Восстановление завершено. Успешно восстановлено: 0/1.
[2025-10-06 13:48:58] 🔁 Восстановление стратегий (1 пользователей, всего 2)...
[2025-10-06 13:48:58] ⚠️ Некорректный chat_id: unknown
[2025-10-06 13:48:58] 🏁 Восстановление завершено. Успешно восстановлено: 0/2.
[2025-10-07 03:07:32] 🔁 Восстановление стратегий (1 пользователей, всего 2)...
[2025-10-07 03:07:32] ⚠️ Некорректный chat_id: unknown
[2025-10-07 03:07:32] 🏁 Восстановление завершено. Успешно восстановлено: 0/2.
[2025-10-07 04:05:29] 🔁 Восстановление стратегий (1 пользователей, всего 2)...
[2025-10-07 04:05:29] ⚠️ Пропуск некорректного chat_id: unknown
[2025-10-07 04:05:29] 🏁 Восстановление завершено. Успешно восстановлено: 0/2.
[2025-10-07 13:57:10] 🔁 Восстановление стратегий (1 пользователей, всего 2)...
[2025-10-07 13:57:10] ✅ Соединение с биржей установлено.
[2025-10-07 13:57:10] ⚠️ Пропуск некорректного chat_id: unknown
[2025-10-07 13:57:10] 🏁 Восстановление завершено. Успешно восстановлено: 0/2.
[2025-10-09 15:31:08] 🔁 Восстановление стратегий (1 пользователей, всего 2)...
[2025-10-09 15:31:08] ✅ Соединение с биржей установлено.
[2025-10-09 15:31:08] ⚠️ Пропуск некорректного chat_id: unknown
[2025-10-09 15:31:08] 🏁 Восстановление завершено. Успешно восстановлено: 0/2.
[2025-10-09 15:57:33] ✅ Соединение с биржей установлено.
[2025-10-09 15:57:33] 🔁 Восстановление стратегий (1 пользователей, всего 2)...
[2025-10-09 15:57:33] ⚠️ Пропуск некорректного chat_id: unknown
[2025-10-09 15:57:33] 🏁 Восстановление завершено. Успешно восстановлено: 0/2.
[2025-10-09 16:04:56] ❌ Нет сохранённых стратегий для восстановления.
[2025-10-09 16:14:52] ❌ Нет сохранённых стратегий для восстановления.
